<?xml version="1.0" encoding="UTF-8"?>
<testsuite xmlns:xsi="http://www.w3.org/2001/XMLSchema-instance" xsi:noNamespaceSchemaLocation="https://maven.apache.org/surefire/maven-surefire-plugin/xsd/surefire-test-report.xsd" name="com.bittereggs.biddingbook_8007.Biddingbook8007ApplicationTests" time="10.404" tests="1" errors="0" skipped="0" failures="0">
  <properties>
    <property name="sun.desktop" value="windows"/>
    <property name="awt.toolkit" value="sun.awt.windows.WToolkit"/>
    <property name="file.encoding.pkg" value="sun.io"/>
    <property name="java.specification.version" value="1.8"/>
    <property name="sun.cpu.isalist" value="amd64"/>
    <property name="sun.jnu.encoding" value="GBK"/>
    <property name="java.class.path" value="C:\Users\11049\Desktop\alpha\biddingbook_8007\target\test-classes;C:\Users\11049\Desktop\alpha\biddingbook_8007\target\classes;D:\Apache\maven-repository\org\springframework\boot\spring-boot-starter-data-redis\2.1.3.RELEASE\spring-boot-starter-data-redis-2.1.3.RELEASE.jar;D:\Apache\maven-repository\org\springframework\boot\spring-boot-starter\2.1.3.RELEASE\spring-boot-starter-2.1.3.RELEASE.jar;D:\Apache\maven-repository\org\springframework\boot\spring-boot-starter-logging\2.1.3.RELEASE\spring-boot-starter-logging-2.1.3.RELEASE.jar;D:\Apache\maven-repository\ch\qos\logback\logback-classic\1.2.3\logback-classic-1.2.3.jar;D:\Apache\maven-repository\ch\qos\logback\logback-core\1.2.3\logback-core-1.2.3.jar;D:\Apache\maven-repository\org\apache\logging\log4j\log4j-to-slf4j\2.11.2\log4j-to-slf4j-2.11.2.jar;D:\Apache\maven-repository\org\slf4j\jul-to-slf4j\1.7.25\jul-to-slf4j-1.7.25.jar;D:\Apache\maven-repository\javax\annotation\javax.annotation-api\1.3.2\javax.annotation-api-1.3.2.jar;D:\Apache\maven-repository\org\yaml\snakeyaml\1.23\snakeyaml-1.23.jar;D:\Apache\maven-repository\org\springframework\data\spring-data-redis\2.1.5.RELEASE\spring-data-redis-2.1.5.RELEASE.jar;D:\Apache\maven-repository\org\springframework\data\spring-data-keyvalue\2.1.5.RELEASE\spring-data-keyvalue-2.1.5.RELEASE.jar;D:\Apache\maven-repository\org\springframework\data\spring-data-commons\2.1.5.RELEASE\spring-data-commons-2.1.5.RELEASE.jar;D:\Apache\maven-repository\org\springframework\spring-tx\5.1.5.RELEASE\spring-tx-5.1.5.RELEASE.jar;D:\Apache\maven-repository\org\springframework\spring-oxm\5.1.5.RELEASE\spring-oxm-5.1.5.RELEASE.jar;D:\Apache\maven-repository\org\springframework\spring-aop\5.1.5.RELEASE\spring-aop-5.1.5.RELEASE.jar;D:\Apache\maven-repository\org\springframework\spring-context-support\5.1.5.RELEASE\spring-context-support-5.1.5.RELEASE.jar;D:\Apache\maven-repository\io\lettuce\lettuce-core\5.1.4.RELEASE\lettuce-core-5.1.4.RELEASE.jar;D:\Apache\maven-repository\io\netty\netty-common\4.1.33.Final\netty-common-4.1.33.Final.jar;D:\Apache\maven-repository\io\netty\netty-handler\4.1.33.Final\netty-handler-4.1.33.Final.jar;D:\Apache\maven-repository\io\netty\netty-buffer\4.1.33.Final\netty-buffer-4.1.33.Final.jar;D:\Apache\maven-repository\io\netty\netty-codec\4.1.33.Final\netty-codec-4.1.33.Final.jar;D:\Apache\maven-repository\io\netty\netty-transport\4.1.33.Final\netty-transport-4.1.33.Final.jar;D:\Apache\maven-repository\io\netty\netty-resolver\4.1.33.Final\netty-resolver-4.1.33.Final.jar;D:\Apache\maven-repository\io\projectreactor\reactor-core\3.2.6.RELEASE\reactor-core-3.2.6.RELEASE.jar;D:\Apache\maven-repository\org\reactivestreams\reactive-streams\1.0.2\reactive-streams-1.0.2.jar;D:\Apache\maven-repository\org\springframework\boot\spring-boot-starter-web\2.1.3.RELEASE\spring-boot-starter-web-2.1.3.RELEASE.jar;D:\Apache\maven-repository\org\springframework\boot\spring-boot-starter-json\2.1.3.RELEASE\spring-boot-starter-json-2.1.3.RELEASE.jar;D:\Apache\maven-repository\com\fasterxml\jackson\core\jackson-databind\2.9.8\jackson-databind-2.9.8.jar;D:\Apache\maven-repository\com\fasterxml\jackson\datatype\jackson-datatype-jdk8\2.9.8\jackson-datatype-jdk8-2.9.8.jar;D:\Apache\maven-repository\com\fasterxml\jackson\datatype\jackson-datatype-jsr310\2.9.8\jackson-datatype-jsr310-2.9.8.jar;D:\Apache\maven-repository\com\fasterxml\jackson\module\jackson-module-parameter-names\2.9.8\jackson-module-parameter-names-2.9.8.jar;D:\Apache\maven-repository\org\springframework\boot\spring-boot-starter-tomcat\2.1.3.RELEASE\spring-boot-starter-tomcat-2.1.3.RELEASE.jar;D:\Apache\maven-repository\org\apache\tomcat\embed\tomcat-embed-core\9.0.16\tomcat-embed-core-9.0.16.jar;D:\Apache\maven-repository\org\apache\tomcat\embed\tomcat-embed-el\9.0.16\tomcat-embed-el-9.0.16.jar;D:\Apache\maven-repository\org\apache\tomcat\embed\tomcat-embed-websocket\9.0.16\tomcat-embed-websocket-9.0.16.jar;D:\Apache\maven-repository\org\hibernate\validator\hibernate-validator\6.0.14.Final\hibernate-validator-6.0.14.Final.jar;D:\Apache\maven-repository\javax\validation\validation-api\2.0.1.Final\validation-api-2.0.1.Final.jar;D:\Apache\maven-repository\org\jboss\logging\jboss-logging\3.3.2.Final\jboss-logging-3.3.2.Final.jar;D:\Apache\maven-repository\com\fasterxml\classmate\1.4.0\classmate-1.4.0.jar;D:\Apache\maven-repository\org\springframework\spring-web\5.1.5.RELEASE\spring-web-5.1.5.RELEASE.jar;D:\Apache\maven-repository\org\springframework\spring-beans\5.1.5.RELEASE\spring-beans-5.1.5.RELEASE.jar;D:\Apache\maven-repository\org\springframework\spring-webmvc\5.1.5.RELEASE\spring-webmvc-5.1.5.RELEASE.jar;D:\Apache\maven-repository\org\springframework\spring-context\5.1.5.RELEASE\spring-context-5.1.5.RELEASE.jar;D:\Apache\maven-repository\org\springframework\spring-expression\5.1.5.RELEASE\spring-expression-5.1.5.RELEASE.jar;D:\Apache\maven-repository\org\mybatis\spring\boot\mybatis-spring-boot-starter\2.0.0\mybatis-spring-boot-starter-2.0.0.jar;D:\Apache\maven-repository\org\mybatis\spring\boot\mybatis-spring-boot-autoconfigure\2.0.0\mybatis-spring-boot-autoconfigure-2.0.0.jar;D:\Apache\maven-repository\org\mybatis\mybatis\3.5.0\mybatis-3.5.0.jar;D:\Apache\maven-repository\org\mybatis\mybatis-spring\2.0.0\mybatis-spring-2.0.0.jar;D:\Apache\maven-repository\com\alibaba\druid\1.1.10\druid-1.1.10.jar;D:\Apache\maven-repository\org\springframework\cloud\spring-cloud-starter-netflix-eureka-client\2.1.1.RELEASE\spring-cloud-starter-netflix-eureka-client-2.1.1.RELEASE.jar;D:\Apache\maven-repository\org\springframework\cloud\spring-cloud-starter\2.1.1.RELEASE\spring-cloud-starter-2.1.1.RELEASE.jar;D:\Apache\maven-repository\org\springframework\cloud\spring-cloud-context\2.1.1.RELEASE\spring-cloud-context-2.1.1.RELEASE.jar;D:\Apache\maven-repository\org\springframework\security\spring-security-crypto\5.1.4.RELEASE\spring-security-crypto-5.1.4.RELEASE.jar;D:\Apache\maven-repository\org\springframework\cloud\spring-cloud-commons\2.1.1.RELEASE\spring-cloud-commons-2.1.1.RELEASE.jar;D:\Apache\maven-repository\org\springframework\security\spring-security-rsa\1.0.7.RELEASE\spring-security-rsa-1.0.7.RELEASE.jar;D:\Apache\maven-repository\org\bouncycastle\bcpkix-jdk15on\1.60\bcpkix-jdk15on-1.60.jar;D:\Apache\maven-repository\org\bouncycastle\bcprov-jdk15on\1.60\bcprov-jdk15on-1.60.jar;D:\Apache\maven-repository\org\springframework\cloud\spring-cloud-netflix-hystrix\2.1.1.RELEASE\spring-cloud-netflix-hystrix-2.1.1.RELEASE.jar;D:\Apache\maven-repository\org\springframework\boot\spring-boot-starter-aop\2.1.3.RELEASE\spring-boot-starter-aop-2.1.3.RELEASE.jar;D:\Apache\maven-repository\org\aspectj\aspectjweaver\1.9.2\aspectjweaver-1.9.2.jar;D:\Apache\maven-repository\org\springframework\cloud\spring-cloud-netflix-eureka-client\2.1.1.RELEASE\spring-cloud-netflix-eureka-client-2.1.1.RELEASE.jar;D:\Apache\maven-repository\com\netflix\eureka\eureka-client\1.9.8\eureka-client-1.9.8.jar;D:\Apache\maven-repository\org\codehaus\jettison\jettison\1.3.7\jettison-1.3.7.jar;D:\Apache\maven-repository\stax\stax-api\1.0.1\stax-api-1.0.1.jar;D:\Apache\maven-repository\com\netflix\netflix-commons\netflix-eventbus\0.3.0\netflix-eventbus-0.3.0.jar;D:\Apache\maven-repository\com\netflix\netflix-commons\netflix-infix\0.3.0\netflix-infix-0.3.0.jar;D:\Apache\maven-repository\commons-jxpath\commons-jxpath\1.3\commons-jxpath-1.3.jar;D:\Apache\maven-repository\joda-time\joda-time\2.10.1\joda-time-2.10.1.jar;D:\Apache\maven-repository\org\antlr\antlr-runtime\3.4\antlr-runtime-3.4.jar;D:\Apache\maven-repository\org\antlr\stringtemplate\3.2.1\stringtemplate-3.2.1.jar;D:\Apache\maven-repository\antlr\antlr\2.7.7\antlr-2.7.7.jar;D:\Apache\maven-repository\com\google\code\gson\gson\2.8.5\gson-2.8.5.jar;D:\Apache\maven-repository\org\apache\commons\commons-math\2.2\commons-math-2.2.jar;D:\Apache\maven-repository\com\netflix\archaius\archaius-core\0.7.6\archaius-core-0.7.6.jar;D:\Apache\maven-repository\com\google\guava\guava\16.0\guava-16.0.jar;D:\Apache\maven-repository\javax\ws\rs\jsr311-api\1.1.1\jsr311-api-1.1.1.jar;D:\Apache\maven-repository\com\netflix\servo\servo-core\0.12.21\servo-core-0.12.21.jar;D:\Apache\maven-repository\com\sun\jersey\jersey-core\1.19.1\jersey-core-1.19.1.jar;D:\Apache\maven-repository\com\sun\jersey\jersey-client\1.19.1\jersey-client-1.19.1.jar;D:\Apache\maven-repository\com\sun\jersey\contribs\jersey-apache-client4\1.19.1\jersey-apache-client4-1.19.1.jar;D:\Apache\maven-repository\org\apache\httpcomponents\httpclient\4.5.7\httpclient-4.5.7.jar;D:\Apache\maven-repository\org\apache\httpcomponents\httpcore\4.4.11\httpcore-4.4.11.jar;D:\Apache\maven-repository\com\google\inject\guice\4.1.0\guice-4.1.0.jar;D:\Apache\maven-repository\javax\inject\javax.inject\1\javax.inject-1.jar;D:\Apache\maven-repository\aopalliance\aopalliance\1.0\aopalliance-1.0.jar;D:\Apache\maven-repository\com\github\vlsi\compactmap\compactmap\1.2.1\compactmap-1.2.1.jar;D:\Apache\maven-repository\com\github\andrewoma\dexx\dexx-collections\0.2\dexx-collections-0.2.jar;D:\Apache\maven-repository\com\fasterxml\jackson\core\jackson-annotations\2.9.0\jackson-annotations-2.9.0.jar;D:\Apache\maven-repository\com\fasterxml\jackson\core\jackson-core\2.9.8\jackson-core-2.9.8.jar;D:\Apache\maven-repository\com\netflix\eureka\eureka-core\1.9.8\eureka-core-1.9.8.jar;D:\Apache\maven-repository\org\codehaus\woodstox\woodstox-core-asl\4.4.1\woodstox-core-asl-4.4.1.jar;D:\Apache\maven-repository\javax\xml\stream\stax-api\1.0-2\stax-api-1.0-2.jar;D:\Apache\maven-repository\org\codehaus\woodstox\stax2-api\3.1.4\stax2-api-3.1.4.jar;D:\Apache\maven-repository\org\springframework\cloud\spring-cloud-starter-netflix-archaius\2.1.1.RELEASE\spring-cloud-starter-netflix-archaius-2.1.1.RELEASE.jar;D:\Apache\maven-repository\org\springframework\cloud\spring-cloud-netflix-ribbon\2.1.1.RELEASE\spring-cloud-netflix-ribbon-2.1.1.RELEASE.jar;D:\Apache\maven-repository\org\springframework\cloud\spring-cloud-netflix-archaius\2.1.1.RELEASE\spring-cloud-netflix-archaius-2.1.1.RELEASE.jar;D:\Apache\maven-repository\commons-configuration\commons-configuration\1.8\commons-configuration-1.8.jar;D:\Apache\maven-repository\org\springframework\cloud\spring-cloud-starter-netflix-ribbon\2.1.1.RELEASE\spring-cloud-starter-netflix-ribbon-2.1.1.RELEASE.jar;D:\Apache\maven-repository\com\netflix\ribbon\ribbon\2.3.0\ribbon-2.3.0.jar;D:\Apache\maven-repository\com\netflix\ribbon\ribbon-transport\2.3.0\ribbon-transport-2.3.0.jar;D:\Apache\maven-repository\io\reactivex\rxnetty-contexts\0.4.9\rxnetty-contexts-0.4.9.jar;D:\Apache\maven-repository\io\reactivex\rxnetty-servo\0.4.9\rxnetty-servo-0.4.9.jar;D:\Apache\maven-repository\com\netflix\hystrix\hystrix-core\1.5.18\hystrix-core-1.5.18.jar;D:\Apache\maven-repository\org\hdrhistogram\HdrHistogram\2.1.9\HdrHistogram-2.1.9.jar;D:\Apache\maven-repository\io\reactivex\rxnetty\0.4.9\rxnetty-0.4.9.jar;D:\Apache\maven-repository\com\netflix\ribbon\ribbon-core\2.3.0\ribbon-core-2.3.0.jar;D:\Apache\maven-repository\com\netflix\ribbon\ribbon-httpclient\2.3.0\ribbon-httpclient-2.3.0.jar;D:\Apache\maven-repository\com\netflix\netflix-commons\netflix-commons-util\0.3.0\netflix-commons-util-0.3.0.jar;D:\Apache\maven-repository\com\netflix\ribbon\ribbon-loadbalancer\2.3.0\ribbon-loadbalancer-2.3.0.jar;D:\Apache\maven-repository\com\netflix\netflix-commons\netflix-statistics\0.1.1\netflix-statistics-0.1.1.jar;D:\Apache\maven-repository\io\reactivex\rxjava\1.3.8\rxjava-1.3.8.jar;D:\Apache\maven-repository\com\netflix\ribbon\ribbon-eureka\2.3.0\ribbon-eureka-2.3.0.jar;D:\Apache\maven-repository\com\thoughtworks\xstream\xstream\1.4.10\xstream-1.4.10.jar;D:\Apache\maven-repository\xmlpull\xmlpull\1.1.3.1\xmlpull-1.1.3.1.jar;D:\Apache\maven-repository\xpp3\xpp3_min\1.1.4c\xpp3_min-1.1.4c.jar;D:\Apache\maven-repository\mysql\mysql-connector-java\8.0.15\mysql-connector-java-8.0.15.jar;D:\Apache\maven-repository\org\springframework\boot\spring-boot-starter-jdbc\2.1.3.RELEASE\spring-boot-starter-jdbc-2.1.3.RELEASE.jar;D:\Apache\maven-repository\com\zaxxer\HikariCP\3.2.0\HikariCP-3.2.0.jar;D:\Apache\maven-repository\org\springframework\spring-jdbc\5.1.5.RELEASE\spring-jdbc-5.1.5.RELEASE.jar;D:\Apache\maven-repository\org\springframework\boot\spring-boot-starter-test\2.1.3.RELEASE\spring-boot-starter-test-2.1.3.RELEASE.jar;D:\Apache\maven-repository\org\springframework\boot\spring-boot-test\2.1.3.RELEASE\spring-boot-test-2.1.3.RELEASE.jar;D:\Apache\maven-repository\org\springframework\boot\spring-boot-test-autoconfigure\2.1.3.RELEASE\spring-boot-test-autoconfigure-2.1.3.RELEASE.jar;D:\Apache\maven-repository\com\jayway\jsonpath\json-path\2.4.0\json-path-2.4.0.jar;D:\Apache\maven-repository\net\minidev\json-smart\2.3\json-smart-2.3.jar;D:\Apache\maven-repository\net\minidev\accessors-smart\1.2\accessors-smart-1.2.jar;D:\Apache\maven-repository\org\ow2\asm\asm\5.0.4\asm-5.0.4.jar;D:\Apache\maven-repository\junit\junit\4.12\junit-4.12.jar;D:\Apache\maven-repository\org\assertj\assertj-core\3.11.1\assertj-core-3.11.1.jar;D:\Apache\maven-repository\org\mockito\mockito-core\2.23.4\mockito-core-2.23.4.jar;D:\Apache\maven-repository\net\bytebuddy\byte-buddy\1.9.10\byte-buddy-1.9.10.jar;D:\Apache\maven-repository\net\bytebuddy\byte-buddy-agent\1.9.10\byte-buddy-agent-1.9.10.jar;D:\Apache\maven-repository\org\objenesis\objenesis\2.6\objenesis-2.6.jar;D:\Apache\maven-repository\org\hamcrest\hamcrest-core\1.3\hamcrest-core-1.3.jar;D:\Apache\maven-repository\org\hamcrest\hamcrest-library\1.3\hamcrest-library-1.3.jar;D:\Apache\maven-repository\org\skyscreamer\jsonassert\1.5.0\jsonassert-1.5.0.jar;D:\Apache\maven-repository\com\vaadin\external\google\android-json\0.0.20131108.vaadin1\android-json-0.0.20131108.vaadin1.jar;D:\Apache\maven-repository\org\springframework\spring-core\5.1.5.RELEASE\spring-core-5.1.5.RELEASE.jar;D:\Apache\maven-repository\org\springframework\spring-jcl\5.1.5.RELEASE\spring-jcl-5.1.5.RELEASE.jar;D:\Apache\maven-repository\org\springframework\spring-test\5.1.5.RELEASE\spring-test-5.1.5.RELEASE.jar;D:\Apache\maven-repository\org\xmlunit\xmlunit-core\2.6.2\xmlunit-core-2.6.2.jar;D:\Apache\maven-repository\commons-codec\commons-codec\1.10\commons-codec-1.10.jar;D:\Apache\maven-repository\net\sf\json-lib\json-lib\2.4\json-lib-2.4-jdk15.jar;D:\Apache\maven-repository\commons-beanutils\commons-beanutils\1.8.0\commons-beanutils-1.8.0.jar;D:\Apache\maven-repository\commons-collections\commons-collections\3.2.1\commons-collections-3.2.1.jar;D:\Apache\maven-repository\commons-lang\commons-lang\2.5\commons-lang-2.5.jar;D:\Apache\maven-repository\commons-logging\commons-logging\1.1.1\commons-logging-1.1.1.jar;D:\Apache\maven-repository\net\sf\ezmorph\ezmorph\1.0.6\ezmorph-1.0.6.jar;D:\Apache\maven-repository\org\apache\logging\log4j\log4j-api\2.11.1\log4j-api-2.11.1.jar;D:\Apache\maven-repository\org\slf4j\slf4j-log4j12\1.7.5\slf4j-log4j12-1.7.5.jar;D:\Apache\maven-repository\org\slf4j\slf4j-api\1.7.25\slf4j-api-1.7.25.jar;D:\Apache\maven-repository\log4j\log4j\1.2.17\log4j-1.2.17.jar;D:\Apache\maven-repository\org\springframework\boot\spring-boot-devtools\2.1.3.RELEASE\spring-boot-devtools-2.1.3.RELEASE.jar;D:\Apache\maven-repository\org\springframework\boot\spring-boot\2.1.3.RELEASE\spring-boot-2.1.3.RELEASE.jar;D:\Apache\maven-repository\org\springframework\boot\spring-boot-autoconfigure\2.1.3.RELEASE\spring-boot-autoconfigure-2.1.3.RELEASE.jar;"/>
    <property name="java.vm.vendor" value="Oracle Corporation"/>
    <property name="sun.arch.data.model" value="64"/>
    <property name="user.variant" value=""/>
    <property name="java.vendor.url" value="http://java.oracle.com/"/>
    <property name="user.timezone" value="Asia/Shanghai"/>
    <property name="java.vm.specification.version" value="1.8"/>
    <property name="os.name" value="Windows 10"/>
    <property name="user.country" value="CN"/>
    <property name="sun.java.launcher" value="SUN_STANDARD"/>
    <property name="sun.boot.library.path" value="E:\Java\jdk1.8.0_60\jre\bin"/>
    <property name="sun.java.command" value="C:\Users\11049\AppData\Local\Temp\surefire8289158649285682839\surefirebooter5731598520769654858.jar C:\Users\11049\AppData\Local\Temp\surefire8289158649285682839 2019-04-13T14-19-55_615-jvmRun1 surefire6019768751947904554tmp surefire_04567407044786231314tmp"/>
    <property name="surefire.test.class.path" value="C:\Users\11049\Desktop\alpha\biddingbook_8007\target\test-classes;C:\Users\11049\Desktop\alpha\biddingbook_8007\target\classes;D:\Apache\maven-repository\org\springframework\boot\spring-boot-starter-data-redis\2.1.3.RELEASE\spring-boot-starter-data-redis-2.1.3.RELEASE.jar;D:\Apache\maven-repository\org\springframework\boot\spring-boot-starter\2.1.3.RELEASE\spring-boot-starter-2.1.3.RELEASE.jar;D:\Apache\maven-repository\org\springframework\boot\spring-boot-starter-logging\2.1.3.RELEASE\spring-boot-starter-logging-2.1.3.RELEASE.jar;D:\Apache\maven-repository\ch\qos\logback\logback-classic\1.2.3\logback-classic-1.2.3.jar;D:\Apache\maven-repository\ch\qos\logback\logback-core\1.2.3\logback-core-1.2.3.jar;D:\Apache\maven-repository\org\apache\logging\log4j\log4j-to-slf4j\2.11.2\log4j-to-slf4j-2.11.2.jar;D:\Apache\maven-repository\org\slf4j\jul-to-slf4j\1.7.25\jul-to-slf4j-1.7.25.jar;D:\Apache\maven-repository\javax\annotation\javax.annotation-api\1.3.2\javax.annotation-api-1.3.2.jar;D:\Apache\maven-repository\org\yaml\snakeyaml\1.23\snakeyaml-1.23.jar;D:\Apache\maven-repository\org\springframework\data\spring-data-redis\2.1.5.RELEASE\spring-data-redis-2.1.5.RELEASE.jar;D:\Apache\maven-repository\org\springframework\data\spring-data-keyvalue\2.1.5.RELEASE\spring-data-keyvalue-2.1.5.RELEASE.jar;D:\Apache\maven-repository\org\springframework\data\spring-data-commons\2.1.5.RELEASE\spring-data-commons-2.1.5.RELEASE.jar;D:\Apache\maven-repository\org\springframework\spring-tx\5.1.5.RELEASE\spring-tx-5.1.5.RELEASE.jar;D:\Apache\maven-repository\org\springframework\spring-oxm\5.1.5.RELEASE\spring-oxm-5.1.5.RELEASE.jar;D:\Apache\maven-repository\org\springframework\spring-aop\5.1.5.RELEASE\spring-aop-5.1.5.RELEASE.jar;D:\Apache\maven-repository\org\springframework\spring-context-support\5.1.5.RELEASE\spring-context-support-5.1.5.RELEASE.jar;D:\Apache\maven-repository\io\lettuce\lettuce-core\5.1.4.RELEASE\lettuce-core-5.1.4.RELEASE.jar;D:\Apache\maven-repository\io\netty\netty-common\4.1.33.Final\netty-common-4.1.33.Final.jar;D:\Apache\maven-repository\io\netty\netty-handler\4.1.33.Final\netty-handler-4.1.33.Final.jar;D:\Apache\maven-repository\io\netty\netty-buffer\4.1.33.Final\netty-buffer-4.1.33.Final.jar;D:\Apache\maven-repository\io\netty\netty-codec\4.1.33.Final\netty-codec-4.1.33.Final.jar;D:\Apache\maven-repository\io\netty\netty-transport\4.1.33.Final\netty-transport-4.1.33.Final.jar;D:\Apache\maven-repository\io\netty\netty-resolver\4.1.33.Final\netty-resolver-4.1.33.Final.jar;D:\Apache\maven-repository\io\projectreactor\reactor-core\3.2.6.RELEASE\reactor-core-3.2.6.RELEASE.jar;D:\Apache\maven-repository\org\reactivestreams\reactive-streams\1.0.2\reactive-streams-1.0.2.jar;D:\Apache\maven-repository\org\springframework\boot\spring-boot-starter-web\2.1.3.RELEASE\spring-boot-starter-web-2.1.3.RELEASE.jar;D:\Apache\maven-repository\org\springframework\boot\spring-boot-starter-json\2.1.3.RELEASE\spring-boot-starter-json-2.1.3.RELEASE.jar;D:\Apache\maven-repository\com\fasterxml\jackson\core\jackson-databind\2.9.8\jackson-databind-2.9.8.jar;D:\Apache\maven-repository\com\fasterxml\jackson\datatype\jackson-datatype-jdk8\2.9.8\jackson-datatype-jdk8-2.9.8.jar;D:\Apache\maven-repository\com\fasterxml\jackson\datatype\jackson-datatype-jsr310\2.9.8\jackson-datatype-jsr310-2.9.8.jar;D:\Apache\maven-repository\com\fasterxml\jackson\module\jackson-module-parameter-names\2.9.8\jackson-module-parameter-names-2.9.8.jar;D:\Apache\maven-repository\org\springframework\boot\spring-boot-starter-tomcat\2.1.3.RELEASE\spring-boot-starter-tomcat-2.1.3.RELEASE.jar;D:\Apache\maven-repository\org\apache\tomcat\embed\tomcat-embed-core\9.0.16\tomcat-embed-core-9.0.16.jar;D:\Apache\maven-repository\org\apache\tomcat\embed\tomcat-embed-el\9.0.16\tomcat-embed-el-9.0.16.jar;D:\Apache\maven-repository\org\apache\tomcat\embed\tomcat-embed-websocket\9.0.16\tomcat-embed-websocket-9.0.16.jar;D:\Apache\maven-repository\org\hibernate\validator\hibernate-validator\6.0.14.Final\hibernate-validator-6.0.14.Final.jar;D:\Apache\maven-repository\javax\validation\validation-api\2.0.1.Final\validation-api-2.0.1.Final.jar;D:\Apache\maven-repository\org\jboss\logging\jboss-logging\3.3.2.Final\jboss-logging-3.3.2.Final.jar;D:\Apache\maven-repository\com\fasterxml\classmate\1.4.0\classmate-1.4.0.jar;D:\Apache\maven-repository\org\springframework\spring-web\5.1.5.RELEASE\spring-web-5.1.5.RELEASE.jar;D:\Apache\maven-repository\org\springframework\spring-beans\5.1.5.RELEASE\spring-beans-5.1.5.RELEASE.jar;D:\Apache\maven-repository\org\springframework\spring-webmvc\5.1.5.RELEASE\spring-webmvc-5.1.5.RELEASE.jar;D:\Apache\maven-repository\org\springframework\spring-context\5.1.5.RELEASE\spring-context-5.1.5.RELEASE.jar;D:\Apache\maven-repository\org\springframework\spring-expression\5.1.5.RELEASE\spring-expression-5.1.5.RELEASE.jar;D:\Apache\maven-repository\org\mybatis\spring\boot\mybatis-spring-boot-starter\2.0.0\mybatis-spring-boot-starter-2.0.0.jar;D:\Apache\maven-repository\org\mybatis\spring\boot\mybatis-spring-boot-autoconfigure\2.0.0\mybatis-spring-boot-autoconfigure-2.0.0.jar;D:\Apache\maven-repository\org\mybatis\mybatis\3.5.0\mybatis-3.5.0.jar;D:\Apache\maven-repository\org\mybatis\mybatis-spring\2.0.0\mybatis-spring-2.0.0.jar;D:\Apache\maven-repository\com\alibaba\druid\1.1.10\druid-1.1.10.jar;D:\Apache\maven-repository\org\springframework\cloud\spring-cloud-starter-netflix-eureka-client\2.1.1.RELEASE\spring-cloud-starter-netflix-eureka-client-2.1.1.RELEASE.jar;D:\Apache\maven-repository\org\springframework\cloud\spring-cloud-starter\2.1.1.RELEASE\spring-cloud-starter-2.1.1.RELEASE.jar;D:\Apache\maven-repository\org\springframework\cloud\spring-cloud-context\2.1.1.RELEASE\spring-cloud-context-2.1.1.RELEASE.jar;D:\Apache\maven-repository\org\springframework\security\spring-security-crypto\5.1.4.RELEASE\spring-security-crypto-5.1.4.RELEASE.jar;D:\Apache\maven-repository\org\springframework\cloud\spring-cloud-commons\2.1.1.RELEASE\spring-cloud-commons-2.1.1.RELEASE.jar;D:\Apache\maven-repository\org\springframework\security\spring-security-rsa\1.0.7.RELEASE\spring-security-rsa-1.0.7.RELEASE.jar;D:\Apache\maven-repository\org\bouncycastle\bcpkix-jdk15on\1.60\bcpkix-jdk15on-1.60.jar;D:\Apache\maven-repository\org\bouncycastle\bcprov-jdk15on\1.60\bcprov-jdk15on-1.60.jar;D:\Apache\maven-repository\org\springframework\cloud\spring-cloud-netflix-hystrix\2.1.1.RELEASE\spring-cloud-netflix-hystrix-2.1.1.RELEASE.jar;D:\Apache\maven-repository\org\springframework\boot\spring-boot-starter-aop\2.1.3.RELEASE\spring-boot-starter-aop-2.1.3.RELEASE.jar;D:\Apache\maven-repository\org\aspectj\aspectjweaver\1.9.2\aspectjweaver-1.9.2.jar;D:\Apache\maven-repository\org\springframework\cloud\spring-cloud-netflix-eureka-client\2.1.1.RELEASE\spring-cloud-netflix-eureka-client-2.1.1.RELEASE.jar;D:\Apache\maven-repository\com\netflix\eureka\eureka-client\1.9.8\eureka-client-1.9.8.jar;D:\Apache\maven-repository\org\codehaus\jettison\jettison\1.3.7\jettison-1.3.7.jar;D:\Apache\maven-repository\stax\stax-api\1.0.1\stax-api-1.0.1.jar;D:\Apache\maven-repository\com\netflix\netflix-commons\netflix-eventbus\0.3.0\netflix-eventbus-0.3.0.jar;D:\Apache\maven-repository\com\netflix\netflix-commons\netflix-infix\0.3.0\netflix-infix-0.3.0.jar;D:\Apache\maven-repository\commons-jxpath\commons-jxpath\1.3\commons-jxpath-1.3.jar;D:\Apache\maven-repository\joda-time\joda-time\2.10.1\joda-time-2.10.1.jar;D:\Apache\maven-repository\org\antlr\antlr-runtime\3.4\antlr-runtime-3.4.jar;D:\Apache\maven-repository\org\antlr\stringtemplate\3.2.1\stringtemplate-3.2.1.jar;D:\Apache\maven-repository\antlr\antlr\2.7.7\antlr-2.7.7.jar;D:\Apache\maven-repository\com\google\code\gson\gson\2.8.5\gson-2.8.5.jar;D:\Apache\maven-repository\org\apache\commons\commons-math\2.2\commons-math-2.2.jar;D:\Apache\maven-repository\com\netflix\archaius\archaius-core\0.7.6\archaius-core-0.7.6.jar;D:\Apache\maven-repository\com\google\guava\guava\16.0\guava-16.0.jar;D:\Apache\maven-repository\javax\ws\rs\jsr311-api\1.1.1\jsr311-api-1.1.1.jar;D:\Apache\maven-repository\com\netflix\servo\servo-core\0.12.21\servo-core-0.12.21.jar;D:\Apache\maven-repository\com\sun\jersey\jersey-core\1.19.1\jersey-core-1.19.1.jar;D:\Apache\maven-repository\com\sun\jersey\jersey-client\1.19.1\jersey-client-1.19.1.jar;D:\Apache\maven-repository\com\sun\jersey\contribs\jersey-apache-client4\1.19.1\jersey-apache-client4-1.19.1.jar;D:\Apache\maven-repository\org\apache\httpcomponents\httpclient\4.5.7\httpclient-4.5.7.jar;D:\Apache\maven-repository\org\apache\httpcomponents\httpcore\4.4.11\httpcore-4.4.11.jar;D:\Apache\maven-repository\com\google\inject\guice\4.1.0\guice-4.1.0.jar;D:\Apache\maven-repository\javax\inject\javax.inject\1\javax.inject-1.jar;D:\Apache\maven-repository\aopalliance\aopalliance\1.0\aopalliance-1.0.jar;D:\Apache\maven-repository\com\github\vlsi\compactmap\compactmap\1.2.1\compactmap-1.2.1.jar;D:\Apache\maven-repository\com\github\andrewoma\dexx\dexx-collections\0.2\dexx-collections-0.2.jar;D:\Apache\maven-repository\com\fasterxml\jackson\core\jackson-annotations\2.9.0\jackson-annotations-2.9.0.jar;D:\Apache\maven-repository\com\fasterxml\jackson\core\jackson-core\2.9.8\jackson-core-2.9.8.jar;D:\Apache\maven-repository\com\netflix\eureka\eureka-core\1.9.8\eureka-core-1.9.8.jar;D:\Apache\maven-repository\org\codehaus\woodstox\woodstox-core-asl\4.4.1\woodstox-core-asl-4.4.1.jar;D:\Apache\maven-repository\javax\xml\stream\stax-api\1.0-2\stax-api-1.0-2.jar;D:\Apache\maven-repository\org\codehaus\woodstox\stax2-api\3.1.4\stax2-api-3.1.4.jar;D:\Apache\maven-repository\org\springframework\cloud\spring-cloud-starter-netflix-archaius\2.1.1.RELEASE\spring-cloud-starter-netflix-archaius-2.1.1.RELEASE.jar;D:\Apache\maven-repository\org\springframework\cloud\spring-cloud-netflix-ribbon\2.1.1.RELEASE\spring-cloud-netflix-ribbon-2.1.1.RELEASE.jar;D:\Apache\maven-repository\org\springframework\cloud\spring-cloud-netflix-archaius\2.1.1.RELEASE\spring-cloud-netflix-archaius-2.1.1.RELEASE.jar;D:\Apache\maven-repository\commons-configuration\commons-configuration\1.8\commons-configuration-1.8.jar;D:\Apache\maven-repository\org\springframework\cloud\spring-cloud-starter-netflix-ribbon\2.1.1.RELEASE\spring-cloud-starter-netflix-ribbon-2.1.1.RELEASE.jar;D:\Apache\maven-repository\com\netflix\ribbon\ribbon\2.3.0\ribbon-2.3.0.jar;D:\Apache\maven-repository\com\netflix\ribbon\ribbon-transport\2.3.0\ribbon-transport-2.3.0.jar;D:\Apache\maven-repository\io\reactivex\rxnetty-contexts\0.4.9\rxnetty-contexts-0.4.9.jar;D:\Apache\maven-repository\io\reactivex\rxnetty-servo\0.4.9\rxnetty-servo-0.4.9.jar;D:\Apache\maven-repository\com\netflix\hystrix\hystrix-core\1.5.18\hystrix-core-1.5.18.jar;D:\Apache\maven-repository\org\hdrhistogram\HdrHistogram\2.1.9\HdrHistogram-2.1.9.jar;D:\Apache\maven-repository\io\reactivex\rxnetty\0.4.9\rxnetty-0.4.9.jar;D:\Apache\maven-repository\com\netflix\ribbon\ribbon-core\2.3.0\ribbon-core-2.3.0.jar;D:\Apache\maven-repository\com\netflix\ribbon\ribbon-httpclient\2.3.0\ribbon-httpclient-2.3.0.jar;D:\Apache\maven-repository\com\netflix\netflix-commons\netflix-commons-util\0.3.0\netflix-commons-util-0.3.0.jar;D:\Apache\maven-repository\com\netflix\ribbon\ribbon-loadbalancer\2.3.0\ribbon-loadbalancer-2.3.0.jar;D:\Apache\maven-repository\com\netflix\netflix-commons\netflix-statistics\0.1.1\netflix-statistics-0.1.1.jar;D:\Apache\maven-repository\io\reactivex\rxjava\1.3.8\rxjava-1.3.8.jar;D:\Apache\maven-repository\com\netflix\ribbon\ribbon-eureka\2.3.0\ribbon-eureka-2.3.0.jar;D:\Apache\maven-repository\com\thoughtworks\xstream\xstream\1.4.10\xstream-1.4.10.jar;D:\Apache\maven-repository\xmlpull\xmlpull\1.1.3.1\xmlpull-1.1.3.1.jar;D:\Apache\maven-repository\xpp3\xpp3_min\1.1.4c\xpp3_min-1.1.4c.jar;D:\Apache\maven-repository\mysql\mysql-connector-java\8.0.15\mysql-connector-java-8.0.15.jar;D:\Apache\maven-repository\org\springframework\boot\spring-boot-starter-jdbc\2.1.3.RELEASE\spring-boot-starter-jdbc-2.1.3.RELEASE.jar;D:\Apache\maven-repository\com\zaxxer\HikariCP\3.2.0\HikariCP-3.2.0.jar;D:\Apache\maven-repository\org\springframework\spring-jdbc\5.1.5.RELEASE\spring-jdbc-5.1.5.RELEASE.jar;D:\Apache\maven-repository\org\springframework\boot\spring-boot-starter-test\2.1.3.RELEASE\spring-boot-starter-test-2.1.3.RELEASE.jar;D:\Apache\maven-repository\org\springframework\boot\spring-boot-test\2.1.3.RELEASE\spring-boot-test-2.1.3.RELEASE.jar;D:\Apache\maven-repository\org\springframework\boot\spring-boot-test-autoconfigure\2.1.3.RELEASE\spring-boot-test-autoconfigure-2.1.3.RELEASE.jar;D:\Apache\maven-repository\com\jayway\jsonpath\json-path\2.4.0\json-path-2.4.0.jar;D:\Apache\maven-repository\net\minidev\json-smart\2.3\json-smart-2.3.jar;D:\Apache\maven-repository\net\minidev\accessors-smart\1.2\accessors-smart-1.2.jar;D:\Apache\maven-repository\org\ow2\asm\asm\5.0.4\asm-5.0.4.jar;D:\Apache\maven-repository\junit\junit\4.12\junit-4.12.jar;D:\Apache\maven-repository\org\assertj\assertj-core\3.11.1\assertj-core-3.11.1.jar;D:\Apache\maven-repository\org\mockito\mockito-core\2.23.4\mockito-core-2.23.4.jar;D:\Apache\maven-repository\net\bytebuddy\byte-buddy\1.9.10\byte-buddy-1.9.10.jar;D:\Apache\maven-repository\net\bytebuddy\byte-buddy-agent\1.9.10\byte-buddy-agent-1.9.10.jar;D:\Apache\maven-repository\org\objenesis\objenesis\2.6\objenesis-2.6.jar;D:\Apache\maven-repository\org\hamcrest\hamcrest-core\1.3\hamcrest-core-1.3.jar;D:\Apache\maven-repository\org\hamcrest\hamcrest-library\1.3\hamcrest-library-1.3.jar;D:\Apache\maven-repository\org\skyscreamer\jsonassert\1.5.0\jsonassert-1.5.0.jar;D:\Apache\maven-repository\com\vaadin\external\google\android-json\0.0.20131108.vaadin1\android-json-0.0.20131108.vaadin1.jar;D:\Apache\maven-repository\org\springframework\spring-core\5.1.5.RELEASE\spring-core-5.1.5.RELEASE.jar;D:\Apache\maven-repository\org\springframework\spring-jcl\5.1.5.RELEASE\spring-jcl-5.1.5.RELEASE.jar;D:\Apache\maven-repository\org\springframework\spring-test\5.1.5.RELEASE\spring-test-5.1.5.RELEASE.jar;D:\Apache\maven-repository\org\xmlunit\xmlunit-core\2.6.2\xmlunit-core-2.6.2.jar;D:\Apache\maven-repository\commons-codec\commons-codec\1.10\commons-codec-1.10.jar;D:\Apache\maven-repository\net\sf\json-lib\json-lib\2.4\json-lib-2.4-jdk15.jar;D:\Apache\maven-repository\commons-beanutils\commons-beanutils\1.8.0\commons-beanutils-1.8.0.jar;D:\Apache\maven-repository\commons-collections\commons-collections\3.2.1\commons-collections-3.2.1.jar;D:\Apache\maven-repository\commons-lang\commons-lang\2.5\commons-lang-2.5.jar;D:\Apache\maven-repository\commons-logging\commons-logging\1.1.1\commons-logging-1.1.1.jar;D:\Apache\maven-repository\net\sf\ezmorph\ezmorph\1.0.6\ezmorph-1.0.6.jar;D:\Apache\maven-repository\org\apache\logging\log4j\log4j-api\2.11.1\log4j-api-2.11.1.jar;D:\Apache\maven-repository\org\slf4j\slf4j-log4j12\1.7.5\slf4j-log4j12-1.7.5.jar;D:\Apache\maven-repository\org\slf4j\slf4j-api\1.7.25\slf4j-api-1.7.25.jar;D:\Apache\maven-repository\log4j\log4j\1.2.17\log4j-1.2.17.jar;D:\Apache\maven-repository\org\springframework\boot\spring-boot-devtools\2.1.3.RELEASE\spring-boot-devtools-2.1.3.RELEASE.jar;D:\Apache\maven-repository\org\springframework\boot\spring-boot\2.1.3.RELEASE\spring-boot-2.1.3.RELEASE.jar;D:\Apache\maven-repository\org\springframework\boot\spring-boot-autoconfigure\2.1.3.RELEASE\spring-boot-autoconfigure-2.1.3.RELEASE.jar;"/>
    <property name="sun.cpu.endian" value="little"/>
    <property name="user.home" value="C:\Users\11049"/>
    <property name="user.language" value="zh"/>
    <property name="java.specification.vendor" value="Oracle Corporation"/>
    <property name="java.home" value="E:\Java\jdk1.8.0_60\jre"/>
    <property name="basedir" value="C:\Users\11049\Desktop\alpha\biddingbook_8007"/>
    <property name="file.separator" value="\"/>
    <property name="line.separator" value="&#10;"/>
    <property name="java.vm.specification.vendor" value="Oracle Corporation"/>
    <property name="java.specification.name" value="Java Platform API Specification"/>
    <property name="java.awt.graphicsenv" value="sun.awt.Win32GraphicsEnvironment"/>
    <property name="surefire.real.class.path" value="C:\Users\11049\AppData\Local\Temp\surefire8289158649285682839\surefirebooter5731598520769654858.jar"/>
    <property name="sun.boot.class.path" value="E:\Java\jdk1.8.0_60\jre\lib\resources.jar;E:\Java\jdk1.8.0_60\jre\lib\rt.jar;E:\Java\jdk1.8.0_60\jre\lib\sunrsasign.jar;E:\Java\jdk1.8.0_60\jre\lib\jsse.jar;E:\Java\jdk1.8.0_60\jre\lib\jce.jar;E:\Java\jdk1.8.0_60\jre\lib\charsets.jar;E:\Java\jdk1.8.0_60\jre\lib\jfr.jar;E:\Java\jdk1.8.0_60\jre\classes"/>
    <property name="user.script" value=""/>
    <property name="sun.management.compiler" value="HotSpot 64-Bit Tiered Compilers"/>
    <property name="java.runtime.version" value="1.8.0_60-b27"/>
    <property name="user.name" value="Admin"/>
    <property name="path.separator" value=";"/>
    <property name="os.version" value="10.0"/>
    <property name="java.endorsed.dirs" value="E:\Java\jdk1.8.0_60\jre\lib\endorsed"/>
    <property name="java.runtime.name" value="Java(TM) SE Runtime Environment"/>
    <property name="file.encoding" value="GBK"/>
    <property name="java.vm.name" value="Java HotSpot(TM) 64-Bit Server VM"/>
    <property name="localRepository" value="D:\Apache\maven-repository"/>
    <property name="java.vendor.url.bug" value="http://bugreport.sun.com/bugreport/"/>
    <property name="java.io.tmpdir" value="C:\Users\11049\AppData\Local\Temp\"/>
    <property name="java.version" value="1.8.0_60"/>
    <property name="user.dir" value="C:\Users\11049\Desktop\alpha\biddingbook_8007"/>
    <property name="os.arch" value="amd64"/>
    <property name="java.vm.specification.name" value="Java Virtual Machine Specification"/>
    <property name="java.awt.printerjob" value="sun.awt.windows.WPrinterJob"/>
    <property name="sun.os.patch.level" value=""/>
    <property name="idea.version2019.1" value="true"/>
    <property name="java.library.path" value="E:\Java\jdk1.8.0_60\jre\bin;C:\WINDOWS\Sun\Java\bin;C:\WINDOWS\system32;C:\WINDOWS;C:\ProgramData\Oracle\Java\javapath;C:\Windows\system32;C:\Windows;C:\Windows\System32\Wbem;C:\Windows\System32\WindowsPowerShell\v1.0\;C:\Windows\System32\OpenSSH\;C:\Program Files (x86)\NVIDIA Corporation\PhysX\Common;E:\python3.6\Scripts;E:\MySQL Server 5.5\bin;C:\WINDOWS\system32\config\systemprofile\.dnx\bin;C:\Program Files\Microsoft DNX\Dnvm\;C:\Program Files\Microsoft SQL Server\130\Tools\Binn\;C:\WINDOWS\system32;C:\WINDOWS;C:\WINDOWS\System32\Wbem;C:\WINDOWS\System32\WindowsPowerShell\v1.0\;C:\WINDOWS\System32\OpenSSH\;E:\Git\cmd;D:\Apache\apache-maven-3.6.0\bin;E:\node.jssss\;E:\python3.6\Scripts\;E:\python3.6\;C:\Users\11049\AppData\Local\Microsoft\WindowsApps;C:\Users\11049\AppData\Roaming\npm;E:\Microsoft VS Code\bin;."/>
    <property name="java.vm.info" value="mixed mode"/>
    <property name="java.vendor" value="Oracle Corporation"/>
    <property name="java.vm.version" value="25.60-b23"/>
    <property name="java.ext.dirs" value="E:\Java\jdk1.8.0_60\jre\lib\ext;C:\WINDOWS\Sun\Java\lib\ext"/>
    <property name="sun.io.unicode.encoding" value="UnicodeLittle"/>
    <property name="maven.repo.local" value="D:\Apache\maven-repository"/>
    <property name="java.class.version" value="52.0"/>
  </properties>
  <testcase name="contextLoads" classname="com.bittereggs.biddingbook_8007.Biddingbook8007ApplicationTests" time="0.241"/>
</testsuite>